<?xml version="1.0" encoding="UTF-8"?>
<coverage generated="1649940520798" clover="3.2.0">
  <project timestamp="1649940520798" name="All files">
    <metrics statements="52" coveredstatements="46" conditionals="14" coveredconditionals="8" methods="9" coveredmethods="8" elements="75" coveredelements="62" complexity="0" loc="52" ncloc="52" packages="1" files="1" classes="1"/>
    <file name="index.js" path="C:\Users\vinit\Desktop\WIN-Program\Java_Script\JS_day_19\index.js">
      <metrics statements="52" coveredstatements="46" conditionals="14" coveredconditionals="8" methods="9" coveredmethods="8"/>
      <line num="4" count="2" type="stmt"/>
      <line num="15" count="1" type="stmt"/>
      <line num="20" count="1" type="stmt"/>
      <line num="26" count="1" type="stmt"/>
      <line num="32" count="1" type="stmt"/>
      <line num="33" count="1" type="stmt"/>
      <line num="35" count="1" type="stmt"/>
      <line num="36" count="4" type="stmt"/>
      <line num="39" count="1" type="stmt"/>
      <line num="43" count="1" type="stmt"/>
      <line num="48" count="3" type="cond" truecount="1" falsecount="1"/>
      <line num="49" count="0" type="stmt"/>
      <line num="50" count="3" type="cond" truecount="1" falsecount="1"/>
      <line num="51" count="0" type="stmt"/>
      <line num="53" count="3" type="stmt"/>
      <line num="54" count="45" type="cond" truecount="1" falsecount="1"/>
      <line num="55" count="0" type="stmt"/>
      <line num="58" count="3" type="stmt"/>
      <line num="63" count="0" type="stmt"/>
      <line num="64" count="0" type="cond" truecount="0" falsecount="2"/>
      <line num="65" count="0" type="stmt"/>
      <line num="70" count="1" type="stmt"/>
      <line num="76" count="1" type="stmt"/>
      <line num="78" count="1" type="stmt"/>
      <line num="80" count="24" type="cond" truecount="2" falsecount="0"/>
      <line num="82" count="14" type="stmt"/>
      <line num="85" count="1" type="stmt"/>
      <line num="88" count="1" type="stmt"/>
      <line num="93" count="1" type="stmt"/>
      <line num="94" count="4" type="stmt"/>
      <line num="96" count="1" type="stmt"/>
      <line num="97" count="1" type="stmt"/>
      <line num="99" count="1" type="stmt"/>
      <line num="100" count="4" type="cond" truecount="1" falsecount="1"/>
      <line num="101" count="4" type="stmt"/>
      <line num="104" count="1" type="stmt"/>
      <line num="105" count="1" type="stmt"/>
      <line num="108" count="1" type="stmt"/>
      <line num="114" count="3" type="stmt"/>
      <line num="115" count="3" type="stmt"/>
      <line num="116" count="3" type="stmt"/>
      <line num="117" count="14" type="stmt"/>
      <line num="118" count="14" type="stmt"/>
      <line num="119" count="107" type="cond" truecount="2" falsecount="0"/>
      <line num="120" count="57" type="stmt"/>
      <line num="121" count="57" type="stmt"/>
      <line num="122" count="57" type="stmt"/>
      <line num="123" count="57" type="stmt"/>
      <line num="126" count="14" type="stmt"/>
      <line num="128" count="3" type="stmt"/>
      <line num="131" count="1" type="stmt"/>
      <line num="133" count="1" type="stmt"/>
    </file>
  </project>
</coverage>
