{"C:\\Users\\vinit\\Desktop\\WIN-Program\\Java_Script\\JS_day_19\\index.js": {"path":"C:\\Users\\vinit\\Desktop\\WIN-Program\\Java_Script\\JS_day_19\\index.js","statementMap":{"0":{"start":{"line":4,"column":4},"end":{"line":12,"column":5}},"1":{"start":{"line":15,"column":0},"end":{"line":15,"column":33}},"2":{"start":{"line":20,"column":4},"end":{"line":23,"column":18}},"3":{"start":{"line":26,"column":0},"end":{"line":26,"column":42}},"4":{"start":{"line":32,"column":23},"end":{"line":32,"column":46}},"5":{"start":{"line":33,"column":18},"end":{"line":33,"column":39}},"6":{"start":{"line":35,"column":4},"end":{"line":37,"column":5}},"7":{"start":{"line":35,"column":17},"end":{"line":35,"column":18}},"8":{"start":{"line":36,"column":8},"end":{"line":36,"column":69}},"9":{"start":{"line":39,"column":4},"end":{"line":39,"column":27}},"10":{"start":{"line":43,"column":0},"end":{"line":43,"column":21}},"11":{"start":{"line":48,"column":4},"end":{"line":59,"column":5}},"12":{"start":{"line":49,"column":8},"end":{"line":49,"column":21}},"13":{"start":{"line":50,"column":11},"end":{"line":59,"column":5}},"14":{"start":{"line":51,"column":8},"end":{"line":51,"column":20}},"15":{"start":{"line":53,"column":8},"end":{"line":57,"column":9}},"16":{"start":{"line":53,"column":21},"end":{"line":53,"column":22}},"17":{"start":{"line":54,"column":12},"end":{"line":56,"column":13}},"18":{"start":{"line":55,"column":16},"end":{"line":55,"column":29}},"19":{"start":{"line":58,"column":8},"end":{"line":58,"column":20}},"20":{"start":{"line":63,"column":4},"end":{"line":67,"column":5}},"21":{"start":{"line":64,"column":8},"end":{"line":66,"column":9}},"22":{"start":{"line":65,"column":12},"end":{"line":65,"column":25}},"23":{"start":{"line":70,"column":0},"end":{"line":70,"column":28}},"24":{"start":{"line":76,"column":15},"end":{"line":76,"column":17}},"25":{"start":{"line":78,"column":4},"end":{"line":84,"column":5}},"26":{"start":{"line":78,"column":17},"end":{"line":78,"column":18}},"27":{"start":{"line":80,"column":8},"end":{"line":83,"column":9}},"28":{"start":{"line":82,"column":12},"end":{"line":82,"column":26}},"29":{"start":{"line":85,"column":4},"end":{"line":85,"column":16}},"30":{"start":{"line":88,"column":0},"end":{"line":88,"column":51}},"31":{"start":{"line":93,"column":4},"end":{"line":95,"column":7}},"32":{"start":{"line":94,"column":8},"end":{"line":94,"column":21}},"33":{"start":{"line":96,"column":14},"end":{"line":96,"column":26}},"34":{"start":{"line":97,"column":17},"end":{"line":97,"column":19}},"35":{"start":{"line":99,"column":4},"end":{"line":103,"column":5}},"36":{"start":{"line":99,"column":17},"end":{"line":99,"column":18}},"37":{"start":{"line":100,"column":8},"end":{"line":102,"column":9}},"38":{"start":{"line":101,"column":12},"end":{"line":101,"column":33}},"39":{"start":{"line":104,"column":4},"end":{"line":104,"column":45}},"40":{"start":{"line":105,"column":4},"end":{"line":105,"column":28}},"41":{"start":{"line":108,"column":0},"end":{"line":108,"column":53}},"42":{"start":{"line":114,"column":12},"end":{"line":114,"column":26}},"43":{"start":{"line":115,"column":12},"end":{"line":115,"column":15}},"44":{"start":{"line":116,"column":4},"end":{"line":127,"column":19}},"45":{"start":{"line":117,"column":8},"end":{"line":117,"column":21}},"46":{"start":{"line":118,"column":8},"end":{"line":125,"column":9}},"47":{"start":{"line":118,"column":21},"end":{"line":118,"column":22}},"48":{"start":{"line":119,"column":12},"end":{"line":124,"column":13}},"49":{"start":{"line":120,"column":28},"end":{"line":120,"column":32}},"50":{"start":{"line":121,"column":16},"end":{"line":121,"column":32}},"51":{"start":{"line":122,"column":16},"end":{"line":122,"column":33}},"52":{"start":{"line":123,"column":16},"end":{"line":123,"column":28}},"53":{"start":{"line":126,"column":8},"end":{"line":126,"column":12}},"54":{"start":{"line":128,"column":4},"end":{"line":128,"column":13}},"55":{"start":{"line":131,"column":0},"end":{"line":131,"column":91}},"56":{"start":{"line":133,"column":0},"end":{"line":138,"column":1}}},"fnMap":{"0":{"name":"reverseNum","decl":{"start":{"line":3,"column":9},"end":{"line":3,"column":19}},"loc":{"start":{"line":3,"column":25},"end":{"line":13,"column":1}},"line":3},"1":{"name":"alphabetorder","decl":{"start":{"line":19,"column":9},"end":{"line":19,"column":22}},"loc":{"start":{"line":19,"column":28},"end":{"line":24,"column":1}},"line":19},"2":{"name":"upper","decl":{"start":{"line":31,"column":9},"end":{"line":31,"column":14}},"loc":{"start":{"line":31,"column":17},"end":{"line":41,"column":1}},"line":31},"3":{"name":"test_prime","decl":{"start":{"line":47,"column":9},"end":{"line":47,"column":19}},"loc":{"start":{"line":47,"column":23},"end":{"line":60,"column":1}},"line":47},"4":{"name":"test_all_prime","decl":{"start":{"line":62,"column":9},"end":{"line":62,"column":23}},"loc":{"start":{"line":62,"column":29},"end":{"line":68,"column":1}},"line":62},"5":{"name":"findUnique","decl":{"start":{"line":74,"column":9},"end":{"line":74,"column":19}},"loc":{"start":{"line":74,"column":25},"end":{"line":86,"column":1}},"line":74},"6":{"name":"Second_Greatest_Lowest","decl":{"start":{"line":92,"column":9},"end":{"line":92,"column":31}},"loc":{"start":{"line":92,"column":41},"end":{"line":106,"column":1}},"line":92},"7":{"name":"(anonymous_7)","decl":{"start":{"line":93,"column":17},"end":{"line":93,"column":18}},"loc":{"start":{"line":93,"column":33},"end":{"line":95,"column":5}},"line":93},"8":{"name":"bubbleSort","decl":{"start":{"line":112,"column":9},"end":{"line":112,"column":19}},"loc":{"start":{"line":112,"column":25},"end":{"line":129,"column":1}},"line":112}},"branchMap":{"0":{"loc":{"start":{"line":48,"column":4},"end":{"line":59,"column":5}},"type":"if","locations":[{"start":{"line":48,"column":4},"end":{"line":59,"column":5}},{"start":{"line":50,"column":11},"end":{"line":59,"column":5}}],"line":48},"1":{"loc":{"start":{"line":50,"column":11},"end":{"line":59,"column":5}},"type":"if","locations":[{"start":{"line":50,"column":11},"end":{"line":59,"column":5}},{"start":{"line":52,"column":11},"end":{"line":59,"column":5}}],"line":50},"2":{"loc":{"start":{"line":54,"column":12},"end":{"line":56,"column":13}},"type":"if","locations":[{"start":{"line":54,"column":12},"end":{"line":56,"column":13}},{"start":{},"end":{}}],"line":54},"3":{"loc":{"start":{"line":64,"column":8},"end":{"line":66,"column":9}},"type":"if","locations":[{"start":{"line":64,"column":8},"end":{"line":66,"column":9}},{"start":{},"end":{}}],"line":64},"4":{"loc":{"start":{"line":80,"column":8},"end":{"line":83,"column":9}},"type":"if","locations":[{"start":{"line":80,"column":8},"end":{"line":83,"column":9}},{"start":{},"end":{}}],"line":80},"5":{"loc":{"start":{"line":100,"column":8},"end":{"line":102,"column":9}},"type":"if","locations":[{"start":{"line":100,"column":8},"end":{"line":102,"column":9}},{"start":{},"end":{}}],"line":100},"6":{"loc":{"start":{"line":119,"column":12},"end":{"line":124,"column":13}},"type":"if","locations":[{"start":{"line":119,"column":12},"end":{"line":124,"column":13}},{"start":{},"end":{}}],"line":119}},"s":{"0":2,"1":1,"2":1,"3":1,"4":1,"5":1,"6":1,"7":1,"8":4,"9":1,"10":1,"11":3,"12":0,"13":3,"14":0,"15":3,"16":3,"17":45,"18":0,"19":3,"20":0,"21":0,"22":0,"23":1,"24":1,"25":1,"26":1,"27":24,"28":14,"29":1,"30":1,"31":1,"32":4,"33":1,"34":1,"35":1,"36":1,"37":4,"38":4,"39":1,"40":1,"41":1,"42":3,"43":3,"44":3,"45":14,"46":14,"47":14,"48":107,"49":57,"50":57,"51":57,"52":57,"53":14,"54":3,"55":1,"56":1},"f":{"0":2,"1":1,"2":1,"3":3,"4":0,"5":1,"6":1,"7":4,"8":3},"b":{"0":[0,3],"1":[0,3],"2":[0,45],"3":[0,0],"4":[14,10],"5":[4,0],"6":[57,50]},"_coverageSchema":"1a1c01bbd47fc00a2c39e90264f33305004495a9","hash":"6aabdf196e8ae8516657d5119cf4044287c5fd01"}
}
