TN:
SF:index.js
FN:3,reverseNum
FN:19,alphabetorder
FN:31,upper
FN:47,test_prime
FN:62,test_all_prime
FN:74,findUnique
FN:92,Second_Greatest_Lowest
FN:93,(anonymous_7)
FN:112,bubbleSort
FNF:9
FNH:8
FNDA:2,reverseNum
FNDA:1,alphabetorder
FNDA:1,upper
FNDA:3,test_prime
FNDA:0,test_all_prime
FNDA:1,findUnique
FNDA:1,Second_Greatest_Lowest
FNDA:4,(anonymous_7)
FNDA:3,bubbleSort
DA:4,2
DA:15,1
DA:20,1
DA:26,1
DA:32,1
DA:33,1
DA:35,1
DA:36,4
DA:39,1
DA:43,1
DA:48,3
DA:49,0
DA:50,3
DA:51,0
DA:53,3
DA:54,45
DA:55,0
DA:58,3
DA:63,0
DA:64,0
DA:65,0
DA:70,1
DA:76,1
DA:78,1
DA:80,24
DA:82,14
DA:85,1
DA:88,1
DA:93,1
DA:94,4
DA:96,1
DA:97,1
DA:99,1
DA:100,4
DA:101,4
DA:104,1
DA:105,1
DA:108,1
DA:114,3
DA:115,3
DA:116,3
DA:117,14
DA:118,14
DA:119,107
DA:120,57
DA:121,57
DA:122,57
DA:123,57
DA:126,14
DA:128,3
DA:131,1
DA:133,1
LF:52
LH:46
BRDA:48,0,0,0
BRDA:48,0,1,3
BRDA:50,1,0,0
BRDA:50,1,1,3
BRDA:54,2,0,0
BRDA:54,2,1,45
BRDA:64,3,0,0
BRDA:64,3,1,0
BRDA:80,4,0,14
BRDA:80,4,1,10
BRDA:100,5,0,4
BRDA:100,5,1,0
BRDA:119,6,0,57
BRDA:119,6,1,50
BRF:14
BRH:8
end_of_record
